<?xml version="1.0" encoding="UTF-8"?>
<!-- Generated by org.testng.reporters.JUnitReportReporter -->
<testsuite hostname="DESKTOP-9HBQEP9" failures="0" tests="1" name="pac.CreateContact" time="0.011" errors="0" timestamp="01 Jun 2024 07:08:48 GMT" skipped="0">
  <testcase classname="pac.CreateContact" name="Test" time="0.011"/>
</testsuite> <!-- pac.CreateContact -->
